<?xml version="1.0" encoding="UTF-8"?>
<!-- Generated by org.testng.reporters.JUnitReportReporter -->
<testsuite skipped="0" hostname="PC-20170517HOOD" name="com.wang.cases.UserLoginCase" tests="1" failures="0"
           timestamp="29 十一月 2018 08:01:51 GMT" time="0.156" errors="1">
    <testcase name="f" time="0.156" classname="com.wang.cases.UserLoginCase">
        <error type="org.apache.ibatis.exceptions.PersistenceException" message="
### Error querying database.  Cause: java.lang.IllegalArgumentException: Mapped Statements collection does not contain value for userLogin
### Cause: java.lang.IllegalArgumentException: Mapped Statements collection does not contain value for userLogin">
            <![CDATA[org.apache.ibatis.exceptions.PersistenceException:
### Error querying database.  Cause: java.lang.IllegalArgumentException: Mapped Statements collection does not contain value for userLogin
### Cause: java.lang.IllegalArgumentException: Mapped Statements collection does not contain value for userLogin
at org.apache.ibatis.exceptions.ExceptionFactory.wrapException(ExceptionFactory.java:23)
at org.apache.ibatis.session.defaults.DefaultSqlSession.selectList(DefaultSqlSession.java:107)
at org.apache.ibatis.session.defaults.DefaultSqlSession.selectList(DefaultSqlSession.java:98)
at org.apache.ibatis.session.defaults.DefaultSqlSession.selectOne(DefaultSqlSession.java:62)
at com.wang.cases.UserLoginCase.f(UserLoginCase.java:19)
at sun.reflect.NativeMethodAccessorImpl.invoke0(Native Method)
at sun.reflect.NativeMethodAccessorImpl.invoke(NativeMethodAccessorImpl.java:62)
at sun.reflect.DelegatingMethodAccessorImpl.invoke(DelegatingMethodAccessorImpl.java:43)
at java.lang.reflect.Method.invoke(Method.java:483)
at org.testng.internal.MethodInvocationHelper.invokeMethod(MethodInvocationHelper.java:124)
at org.testng.internal.Invoker.invokeMethod(Invoker.java:580)
at org.testng.internal.Invoker.invokeTestMethod(Invoker.java:716)
at org.testng.internal.Invoker.invokeTestMethods(Invoker.java:988)
at org.testng.internal.TestMethodWorker.invokeTestMethods(TestMethodWorker.java:125)
at org.testng.internal.TestMethodWorker.run(TestMethodWorker.java:109)
at org.testng.TestRunner.privateRun(TestRunner.java:648)
at org.testng.TestRunner.run(TestRunner.java:505)
at org.testng.SuiteRunner.runTest(SuiteRunner.java:455)
at org.testng.SuiteRunner.runSequentially(SuiteRunner.java:450)
at org.testng.SuiteRunner.privateRun(SuiteRunner.java:415)
at org.testng.SuiteRunner.run(SuiteRunner.java:364)
at org.testng.SuiteRunnerWorker.runSuite(SuiteRunnerWorker.java:52)
at org.testng.SuiteRunnerWorker.run(SuiteRunnerWorker.java:84)
at org.testng.TestNG.runSuitesSequentially(TestNG.java:1208)
at org.testng.TestNG.runSuitesLocally(TestNG.java:1137)
at org.testng.TestNG.runSuites(TestNG.java:1049)
at org.testng.TestNG.run(TestNG.java:1017)
at org.testng.remote.AbstractRemoteTestNG.run(AbstractRemoteTestNG.java:114)
at org.testng.remote.RemoteTestNG.initAndRun(RemoteTestNG.java:251)
at org.testng.remote.RemoteTestNG.main(RemoteTestNG.java:77)
Caused by: java.lang.IllegalArgumentException: Mapped Statements collection does not contain value for userLogin
at org.apache.ibatis.session.Configuration$StrictMap.get(Configuration.java:797)
at org.apache.ibatis.session.Configuration.getMappedStatement(Configuration.java:631)
at org.apache.ibatis.session.Configuration.getMappedStatement(Configuration.java:624)
at org.apache.ibatis.session.defaults.DefaultSqlSession.selectList(DefaultSqlSession.java:103)
... 28 more
]]>
        </error>
    </testcase> <!-- f -->
</testsuite> <!-- com.wang.cases.UserLoginCase -->
